<testsuites>
    <testsuite name="google&apos;s-search-functionality;can-find-search-results" tests="5" failures="0" errors="0" skipped="0" timestamp="Tue, 25 Jan 2022 06:51:23 GMT" time="2.764">
        <testcase name="Beforeundefined" classname="google&apos;s-search-functionality;can-find-search-results" time="0.489">
        </testcase>
        <testcase name="When I type query as BrowserStack" classname="google&apos;s-search-functionality;can-find-search-results" time="1.218">
        </testcase>
        <testcase name="Then I submit" classname="google&apos;s-search-functionality;can-find-search-results" time="0.255">
        </testcase>
        <testcase name="Then I should see title BrowserStack" classname="google&apos;s-search-functionality;can-find-search-results" time="0.749">
        </testcase>
        <testcase name="Afterundefined" classname="google&apos;s-search-functionality;can-find-search-results" time="0.053">
        </testcase>
    </testsuite>
</testsuites>