<testsuites>
    <testsuite name="facebook-login-validation;should-throw-error-on-incorrect-credentials" tests="4" failures="0" errors="0" skipped="0" timestamp="Thu, 03 Feb 2022 06:11:55 GMT" time="2.4319999999999995">
        <testcase name="Beforeundefined" classname="facebook-login-validation;should-throw-error-on-incorrect-credentials" time="1.146">
        </testcase>
        <testcase name="Given I am on facebook login page" classname="facebook-login-validation;should-throw-error-on-incorrect-credentials" time="1.039">
        </testcase>
        <testcase name="When I enter wrong credentials and login" classname="facebook-login-validation;should-throw-error-on-incorrect-credentials" time="0.227">
        </testcase>
        <testcase name="Afterundefined" classname="facebook-login-validation;should-throw-error-on-incorrect-credentials" time="0.02">
        </testcase>
    </testsuite>
    <testsuite name="google&apos;s-search-functionality;can-find-search-results" tests="5" failures="0" errors="0" skipped="0" timestamp="Thu, 03 Feb 2022 06:11:55 GMT" time="3.7640000000000002">
        <testcase name="Beforeundefined" classname="google&apos;s-search-functionality;can-find-search-results" time="1.173">
        </testcase>
        <testcase name="When I type query as BrowserStack" classname="google&apos;s-search-functionality;can-find-search-results" time="2.297">
        </testcase>
        <testcase name="Then I submit" classname="google&apos;s-search-functionality;can-find-search-results" time="0.189">
        </testcase>
        <testcase name="Then I should see title BrowserStack" classname="google&apos;s-search-functionality;can-find-search-results" time="0.091">
        </testcase>
        <testcase name="Afterundefined" classname="google&apos;s-search-functionality;can-find-search-results" time="0.014">
        </testcase>
    </testsuite>
</testsuites>