<testsuites>
    <testsuite name="google&apos;s-search-functionality;can-find-search-results" tests="5" failures="0" errors="0" skipped="0" timestamp="Thu, 03 Feb 2022 05:26:34 GMT" time="3.275">
        <testcase name="Beforeundefined" classname="google&apos;s-search-functionality;can-find-search-results" time="0.636">
        </testcase>
        <testcase name="When I type query as BrowserStack" classname="google&apos;s-search-functionality;can-find-search-results" time="1.365">
        </testcase>
        <testcase name="Then I submit" classname="google&apos;s-search-functionality;can-find-search-results" time="0.253">
        </testcase>
        <testcase name="Then I should see title BrowserStack" classname="google&apos;s-search-functionality;can-find-search-results" time="0.992">
        </testcase>
        <testcase name="Afterundefined" classname="google&apos;s-search-functionality;can-find-search-results" time="0.029">
        </testcase>
    </testsuite>
    <testsuite name="google&apos;s-search-functionality;can-find-search-results" tests="5" failures="0" errors="0" skipped="0" timestamp="Thu, 03 Feb 2022 05:26:34 GMT" time="3.325">
        <testcase name="Beforeundefined" classname="google&apos;s-search-functionality;can-find-search-results" time="0.786">
        </testcase>
        <testcase name="When I type query as BrowserStack" classname="google&apos;s-search-functionality;can-find-search-results" time="1.289">
        </testcase>
        <testcase name="Then I submit" classname="google&apos;s-search-functionality;can-find-search-results" time="0.257">
        </testcase>
        <testcase name="Then I should see title BrowserStack" classname="google&apos;s-search-functionality;can-find-search-results" time="0.96">
        </testcase>
        <testcase name="Afterundefined" classname="google&apos;s-search-functionality;can-find-search-results" time="0.033">
        </testcase>
    </testsuite>
</testsuites>