<testsuites>
    <testsuite name="facebook-login-validation;should-throw-error-on-incorrect-credentials" tests="5" failures="0" errors="0" skipped="0" timestamp="Thu, 03 Feb 2022 07:38:29 GMT" time="7.3469999999999995">
        <testcase name="Beforeundefined" classname="facebook-login-validation;should-throw-error-on-incorrect-credentials" time="0.842">
        </testcase>
        <testcase name="Given I am on facebook login page" classname="facebook-login-validation;should-throw-error-on-incorrect-credentials" time="3.477">
        </testcase>
        <testcase name="When I enter wrong credentials and login" classname="facebook-login-validation;should-throw-error-on-incorrect-credentials" time="0.585">
        </testcase>
        <testcase name="Then I should see the error" classname="facebook-login-validation;should-throw-error-on-incorrect-credentials" time="2.376">
        </testcase>
        <testcase name="Afterundefined" classname="facebook-login-validation;should-throw-error-on-incorrect-credentials" time="0.067">
        </testcase>
    </testsuite>
    <testsuite name="google&apos;s-search-functionality;can-find-search-results" tests="5" failures="0" errors="0" skipped="0" timestamp="Thu, 03 Feb 2022 07:38:29 GMT" time="6.1019999999999985">
        <testcase name="Beforeundefined" classname="google&apos;s-search-functionality;can-find-search-results" time="0.393">
        </testcase>
        <testcase name="When I type query as BrowserStack" classname="google&apos;s-search-functionality;can-find-search-results" time="4.387">
        </testcase>
        <testcase name="Then I submit" classname="google&apos;s-search-functionality;can-find-search-results" time="0.419">
        </testcase>
        <testcase name="Then I should see title BrowserStack" classname="google&apos;s-search-functionality;can-find-search-results" time="0.839">
        </testcase>
        <testcase name="Afterundefined" classname="google&apos;s-search-functionality;can-find-search-results" time="0.064">
        </testcase>
    </testsuite>
</testsuites>