<?xml version="1.0" encoding="UTF-8"?>
<testsuites>
    <testsuite name="google&apos;s-search-functionality;can-find-search-results" tests="3" failures="0" skipped="0">
        <properties>
            <property name="URI" value="features/google.feature">
            </property>
        </properties>
        <testcase name="When I type query as BrowserStack" classname="google&apos;s-search-functionality;can-find-search-results" time="2.06501786">
        </testcase>
        <testcase name="Then I submit" classname="google&apos;s-search-functionality;can-find-search-results" time="0.298510259">
        </testcase>
        <testcase name="Then I should see title BrowserStack" classname="google&apos;s-search-functionality;can-find-search-results" time="0.373263032">
        </testcase>
    </testsuite>
</testsuites>